# JRE version: OpenJDK Runtime Environment Temurin-21.0.8+9 (21.0.8+9) (build 21.0.8+9-LTS)
# Java VM: OpenJDK 64-Bit Server VM Temurin-21.0.8+9 (21.0.8+9-LTS, mixed mode, sharing, tiered, compressed oops, compressed class ptrs, parallel gc, windows-amd64)
GC Precious Log:
 CardTable entry size: 512
 CPUs: 12 total, 12 available
 Memory: 16163M
 Large Page Support: Disabled
 NUMA Support: Disabled
 Compressed Oops: Enabled (32-bit)
 Alignments: Space 512K, Generation 512K, Heap 2M
 Heap Min Capacity: 100M
 Heap Initial Capacity: 100M
 Heap Max Capacity: 2G
 Pre-touch: Disabled
 Parallel Workers: 10
Heap:
 PSYoungGen      total 6656K, used 6294K [0x00000000d5580000, 0x00000000d6580000, 0x0000000100000000)
  eden space 6144K, 98% used [0x00000000d5580000,0x00000000d5b65850,0x00000000d5b80000)
  from space 512K, 50% used [0x00000000d6500000,0x00000000d6540000,0x00000000d6580000)
  to   space 512K, 0% used [0x00000000d6480000,0x00000000d6480000,0x00000000d6500000)
 ParOldGen       total 1080320K, used 1080107K [0x0000000080000000, 0x00000000c1f00000, 0x00000000d5580000)
  object space 1080320K, 99% used [0x0000000080000000,0x00000000c1ecaef0,0x00000000c1f00000)
 Metaspace       used 87128K, committed 88896K, reserved 1179648K
  class space    used 8843K, committed 9664K, reserved 1048576K
GC Heap History (20 events):
Event: 3455.425 GC heap before
{Heap before GC invocations=2265 (full 8):
 PSYoungGen      total 11776K, used 11296K [0x00000000d5580000, 0x00000000d6880000, 0x0000000100000000)
  eden space 7680K, 100% used [0x00000000d5580000,0x00000000d5d00000,0x00000000d5d00000)
  from space 4096K, 88% used [0x00000000d6480000,0x00000000d6808000,0x00000000d6880000)
  to   space 5120K, 0% used [0x00000000d5e80000,0x00000000d5e80000,0x00000000d6380000)
 ParOldGen       total 1016832K, used 1016433K [0x0000000080000000, 0x00000000be100000, 0x00000000d5580000)
  object space 1016832K, 99% used [0x0000000080000000,0x00000000be09c658,0x00000000be100000)
 Metaspace       used 87055K, committed 88768K, reserved 1179648K
  class space    used 8840K, committed 9664K, reserved 1048576K
}
Event: 3455.432 GC heap after
{Heap after GC invocations=2265 (full 8):
 PSYoungGen      total 14336K, used 4665K [0x00000000d5580000, 0x00000000d6880000, 0x0000000100000000)
  eden space 9216K, 0% used [0x00000000d5580000,0x00000000d5580000,0x00000000d5e80000)
  from space 5120K, 91% used [0x00000000d5e80000,0x00000000d630e700,0x00000000d6380000)
  to   space 5120K, 0% used [0x00000000d6380000,0x00000000d6380000,0x00000000d6880000)
 ParOldGen       total 1020416K, used 1019953K [0x0000000080000000, 0x00000000be480000, 0x00000000d5580000)
  object space 1020416K, 99% used [0x0000000080000000,0x00000000be40c698,0x00000000be480000)
 Metaspace       used 87055K, committed 88768K, reserved 1179648K
  class space    used 8840K, committed 9664K, reserved 1048576K
}
Event: 3455.458 GC heap before
{Heap before GC invocations=2266 (full 8):
 PSYoungGen      total 14336K, used 13881K [0x00000000d5580000, 0x00000000d6880000, 0x0000000100000000)
  eden space 9216K, 100% used [0x00000000d5580000,0x00000000d5e80000,0x00000000d5e80000)
  from space 5120K, 91% used [0x00000000d5e80000,0x00000000d630e700,0x00000000d6380000)
  to   space 5120K, 0% used [0x00000000d6380000,0x00000000d6380000,0x00000000d6880000)
 ParOldGen       total 1020416K, used 1019953K [0x0000000080000000, 0x00000000be480000, 0x00000000d5580000)
  object space 1020416K, 99% used [0x0000000080000000,0x00000000be40c698,0x00000000be480000)
 Metaspace       used 87056K, committed 88768K, reserved 1179648K
  class space    used 8840K, committed 9664K, reserved 1048576K
}
Event: 3455.463 GC heap after
{Heap after GC invocations=2266 (full 8):
 PSYoungGen      total 14848K, used 3784K [0x00000000d5580000, 0x00000000d6980000, 0x0000000100000000)
  eden space 9728K, 0% used [0x00000000d5580000,0x00000000d5580000,0x00000000d5f00000)
  from space 5120K, 73% used [0x00000000d6380000,0x00000000d6732070,0x00000000d6880000)
  to   space 4608K, 0% used [0x00000000d5f00000,0x00000000d5f00000,0x00000000d6380000)
 ParOldGen       total 1024512K, used 1024485K [0x0000000080000000, 0x00000000be880000, 0x00000000d5580000)
  object space 1024512K, 99% used [0x0000000080000000,0x00000000be8796c8,0x00000000be880000)
 Metaspace       used 87056K, committed 88768K, reserved 1179648K
  class space    used 8840K, committed 9664K, reserved 1048576K
}
Event: 3455.485 GC heap before
{Heap before GC invocations=2267 (full 8):
 PSYoungGen      total 14848K, used 13332K [0x00000000d5580000, 0x00000000d6980000, 0x0000000100000000)
  eden space 9728K, 98% used [0x00000000d5580000,0x00000000d5ed3050,0x00000000d5f00000)
  from space 5120K, 73% used [0x00000000d6380000,0x00000000d6732070,0x00000000d6880000)
  to   space 4608K, 0% used [0x00000000d5f00000,0x00000000d5f00000,0x00000000d6380000)
 ParOldGen       total 1024512K, used 1024485K [0x0000000080000000, 0x00000000be880000, 0x00000000d5580000)
  object space 1024512K, 99% used [0x0000000080000000,0x00000000be8796c8,0x00000000be880000)
 Metaspace       used 87057K, committed 88768K, reserved 1179648K
  class space    used 8840K, committed 9664K, reserved 1048576K
}
Event: 3455.490 GC heap after
{Heap after GC invocations=2267 (full 8):
 PSYoungGen      total 14336K, used 4606K [0x00000000d5580000, 0x00000000d7a00000, 0x0000000100000000)
  eden space 9728K, 0% used [0x00000000d5580000,0x00000000d5580000,0x00000000d5f00000)
  from space 4608K, 99% used [0x00000000d5f00000,0x00000000d637fa50,0x00000000d6380000)
  to   space 12800K, 0% used [0x00000000d6d80000,0x00000000d6d80000,0x00000000d7a00000)
 ParOldGen       total 1031168K, used 1031081K [0x0000000080000000, 0x00000000bef00000, 0x00000000d5580000)
  object space 1031168K, 99% used [0x0000000080000000,0x00000000beeea460,0x00000000bef00000)
 Metaspace       used 87057K, committed 88768K, reserved 1179648K
  class space    used 8840K, committed 9664K, reserved 1048576K
}
Event: 3455.547 GC heap before
{Heap before GC invocations=2268 (full 8):
 PSYoungGen      total 14336K, used 14334K [0x00000000d5580000, 0x00000000d7a00000, 0x0000000100000000)
  eden space 9728K, 100% used [0x00000000d5580000,0x00000000d5f00000,0x00000000d5f00000)
  from space 4608K, 99% used [0x00000000d5f00000,0x00000000d637fa50,0x00000000d6380000)
  to   space 12800K, 0% used [0x00000000d6d80000,0x00000000d6d80000,0x00000000d7a00000)
 ParOldGen       total 1031168K, used 1031081K [0x0000000080000000, 0x00000000bef00000, 0x00000000d5580000)
  object space 1031168K, 99% used [0x0000000080000000,0x00000000beeea460,0x00000000bef00000)
 Metaspace       used 87061K, committed 88768K, reserved 1179648K
  class space    used 8840K, committed 9664K, reserved 1048576K
}
Event: 3455.552 GC heap after
{Heap after GC invocations=2268 (full 8):
 PSYoungGen      total 15872K, used 3968K [0x00000000d5580000, 0x00000000d7180000, 0x0000000100000000)
  eden space 11776K, 0% used [0x00000000d5580000,0x00000000d5580000,0x00000000d6100000)
  from space 4096K, 96% used [0x00000000d6d80000,0x00000000d7160020,0x00000000d7180000)
  to   space 6656K, 0% used [0x00000000d6480000,0x00000000d6480000,0x00000000d6b00000)
 ParOldGen       total 1034240K, used 1033934K [0x0000000080000000, 0x00000000bf200000, 0x00000000d5580000)
  object space 1034240K, 99% used [0x0000000080000000,0x00000000bf1b3a50,0x00000000bf200000)
 Metaspace       used 87061K, committed 88768K, reserved 1179648K
  class space    used 8840K, committed 9664K, reserved 1048576K
}
Event: 3455.566 GC heap before
{Heap before GC invocations=2269 (full 8):
 PSYoungGen      total 15872K, used 15744K [0x00000000d5580000, 0x00000000d7180000, 0x0000000100000000)
  eden space 11776K, 100% used [0x00000000d5580000,0x00000000d6100000,0x00000000d6100000)
  from space 4096K, 96% used [0x00000000d6d80000,0x00000000d7160020,0x00000000d7180000)
  to   space 6656K, 0% used [0x00000000d6480000,0x00000000d6480000,0x00000000d6b00000)
 ParOldGen       total 1057792K, used 1056974K [0x0000000080000000, 0x00000000c0900000, 0x00000000d5580000)
  object space 1057792K, 99% used [0x0000000080000000,0x00000000c0833a70,0x00000000c0900000)
 Metaspace       used 87061K, committed 88768K, reserved 1179648K
  class space    used 8840K, committed 9664K, reserved 1048576K
}
Event: 3455.573 GC heap after
{Heap after GC invocations=2269 (full 8):
 PSYoungGen      total 18944K, used 4188K [0x00000000d5580000, 0x00000000d6e00000, 0x0000000100000000)
  eden space 14336K, 0% used [0x00000000d5580000,0x00000000d5580000,0x00000000d6380000)
  from space 4608K, 90% used [0x00000000d6480000,0x00000000d68971e0,0x00000000d6900000)
  to   space 4608K, 0% used [0x00000000d6980000,0x00000000d6980000,0x00000000d6e00000)
 ParOldGen       total 1068032K, used 1067234K [0x0000000080000000, 0x00000000c1300000, 0x00000000d5580000)
  object space 1068032K, 99% used [0x0000000080000000,0x00000000c1238858,0x00000000c1300000)
 Metaspace       used 87061K, committed 88768K, reserved 1179648K
  class space    used 8840K, committed 9664K, reserved 1048576K
}
Event: 3455.681 GC heap before
{Heap before GC invocations=2270 (full 8):
 PSYoungGen      total 18944K, used 18524K [0x00000000d5580000, 0x00000000d6e00000, 0x0000000100000000)
  eden space 14336K, 100% used [0x00000000d5580000,0x00000000d6380000,0x00000000d6380000)
  from space 4608K, 90% used [0x00000000d6480000,0x00000000d68971e0,0x00000000d6900000)
  to   space 4608K, 0% used [0x00000000d6980000,0x00000000d6980000,0x00000000d6e00000)
 ParOldGen       total 1068032K, used 1067234K [0x0000000080000000, 0x00000000c1300000, 0x00000000d5580000)
  object space 1068032K, 99% used [0x0000000080000000,0x00000000c1238858,0x00000000c1300000)
 Metaspace       used 87072K, committed 88832K, reserved 1179648K
  class space    used 8841K, committed 9664K, reserved 1048576K
}
Event: 3455.689 GC heap after
{Heap after GC invocations=2270 (full 8):
 PSYoungGen      total 10752K, used 4608K [0x00000000d5580000, 0x00000000d7f80000, 0x0000000100000000)
  eden space 6144K, 0% used [0x00000000d5580000,0x00000000d5580000,0x00000000d5b80000)
  from space 4608K, 100% used [0x00000000d6980000,0x00000000d6e00000,0x00000000d6e00000)
  to   space 14336K, 0% used [0x00000000d5b80000,0x00000000d5b80000,0x00000000d6980000)
 ParOldGen       total 1075712K, used 1075214K [0x0000000080000000, 0x00000000c1a80000, 0x00000000d5580000)
  object space 1075712K, 99% used [0x0000000080000000,0x00000000c1a03a38,0x00000000c1a80000)
 Metaspace       used 87072K, committed 88832K, reserved 1179648K
  class space    used 8841K, committed 9664K, reserved 1048576K
}
Event: 3487.174 GC heap before
{Heap before GC invocations=2271 (full 8):
 PSYoungGen      total 10752K, used 10752K [0x00000000d5580000, 0x00000000d7f80000, 0x0000000100000000)
  eden space 6144K, 100% used [0x00000000d5580000,0x00000000d5b80000,0x00000000d5b80000)
  from space 4608K, 100% used [0x00000000d6980000,0x00000000d6e00000,0x00000000d6e00000)
  to   space 14336K, 0% used [0x00000000d5b80000,0x00000000d5b80000,0x00000000d6980000)
 ParOldGen       total 1075712K, used 1075214K [0x0000000080000000, 0x00000000c1a80000, 0x00000000d5580000)
  object space 1075712K, 99% used [0x0000000080000000,0x00000000c1a03a38,0x00000000c1a80000)
 Metaspace       used 87080K, committed 88832K, reserved 1179648K
  class space    used 8841K, committed 9664K, reserved 1048576K
}
Event: 3487.179 GC heap after
{Heap after GC invocations=2271 (full 8):
 PSYoungGen      total 6656K, used 224K [0x00000000d5580000, 0x00000000d6a00000, 0x0000000100000000)
  eden space 6144K, 0% used [0x00000000d5580000,0x00000000d5580000,0x00000000d5b80000)
  from space 512K, 43% used [0x00000000d5b80000,0x00000000d5bb8000,0x00000000d5c00000)
  to   space 5120K, 0% used [0x00000000d6500000,0x00000000d6500000,0x00000000d6a00000)
 ParOldGen       total 1080320K, used 1079880K [0x0000000080000000, 0x00000000c1f00000, 0x00000000d5580000)
  object space 1080320K, 99% used [0x0000000080000000,0x00000000c1e92218,0x00000000c1f00000)
 Metaspace       used 87080K, committed 88832K, reserved 1179648K
  class space    used 8841K, committed 9664K, reserved 1048576K
}
Event: 3489.020 GC heap before
{Heap before GC invocations=2272 (full 8):
 PSYoungGen      total 6656K, used 6368K [0x00000000d5580000, 0x00000000d6a00000, 0x0000000100000000)
  eden space 6144K, 100% used [0x00000000d5580000,0x00000000d5b80000,0x00000000d5b80000)
  from space 512K, 43% used [0x00000000d5b80000,0x00000000d5bb8000,0x00000000d5c00000)
  to   space 5120K, 0% used [0x00000000d6500000,0x00000000d6500000,0x00000000d6a00000)
 ParOldGen       total 1080320K, used 1079880K [0x0000000080000000, 0x00000000c1f00000, 0x00000000d5580000)
  object space 1080320K, 99% used [0x0000000080000000,0x00000000c1e92218,0x00000000c1f00000)
 Metaspace       used 87084K, committed 88832K, reserved 1179648K
  class space    used 8841K, committed 9664K, reserved 1048576K
}
Event: 3489.022 GC heap after
{Heap after GC invocations=2272 (full 8):
 PSYoungGen      total 6656K, used 256K [0x00000000d5580000, 0x00000000d6580000, 0x0000000100000000)
  eden space 6144K, 0% used [0x00000000d5580000,0x00000000d5580000,0x00000000d5b80000)
  from space 512K, 50% used [0x00000000d6500000,0x00000000d6540000,0x00000000d6580000)
  to   space 1024K, 0% used [0x00000000d6380000,0x00000000d6380000,0x00000000d6480000)
 ParOldGen       total 1080320K, used 1079928K [0x0000000080000000, 0x00000000c1f00000, 0x00000000d5580000)
  object space 1080320K, 99% used [0x0000000080000000,0x00000000c1e9e218,0x00000000c1f00000)
 Metaspace       used 87084K, committed 88832K, reserved 1179648K
  class space    used 8841K, committed 9664K, reserved 1048576K
}
Event: 3489.269 GC heap before
{Heap before GC invocations=2273 (full 8):
 PSYoungGen      total 6656K, used 6400K [0x00000000d5580000, 0x00000000d6580000, 0x0000000100000000)
  eden space 6144K, 100% used [0x00000000d5580000,0x00000000d5b80000,0x00000000d5b80000)
  from space 512K, 50% used [0x00000000d6500000,0x00000000d6540000,0x00000000d6580000)
  to   space 1024K, 0% used [0x00000000d6380000,0x00000000d6380000,0x00000000d6480000)
 ParOldGen       total 1080320K, used 1079928K [0x0000000080000000, 0x00000000c1f00000, 0x00000000d5580000)
  object space 1080320K, 99% used [0x0000000080000000,0x00000000c1e9e218,0x00000000c1f00000)
 Metaspace       used 87099K, committed 88896K, reserved 1179648K
  class space    used 8841K, committed 9664K, reserved 1048576K
}
Event: 3489.270 GC heap after
{Heap after GC invocations=2273 (full 8):
 PSYoungGen      total 7168K, used 384K [0x00000000d5580000, 0x00000000d6580000, 0x0000000100000000)
  eden space 6144K, 0% used [0x00000000d5580000,0x00000000d5580000,0x00000000d5b80000)
  from space 1024K, 37% used [0x00000000d6380000,0x00000000d63e0000,0x00000000d6480000)
  to   space 512K, 0% used [0x00000000d6500000,0x00000000d6500000,0x00000000d6580000)
 ParOldGen       total 1080320K, used 1079968K [0x0000000080000000, 0x00000000c1f00000, 0x00000000d5580000)
  object space 1080320K, 99% used [0x0000000080000000,0x00000000c1ea8218,0x00000000c1f00000)
 Metaspace       used 87099K, committed 88896K, reserved 1179648K
  class space    used 8841K, committed 9664K, reserved 1048576K
}
Event: 3489.762 GC heap before
{Heap before GC invocations=2274 (full 8):
 PSYoungGen      total 7168K, used 6528K [0x00000000d5580000, 0x00000000d6580000, 0x0000000100000000)
  eden space 6144K, 100% used [0x00000000d5580000,0x00000000d5b80000,0x00000000d5b80000)
  from space 1024K, 37% used [0x00000000d6380000,0x00000000d63e0000,0x00000000d6480000)
  to   space 512K, 0% used [0x00000000d6500000,0x00000000d6500000,0x00000000d6580000)
 ParOldGen       total 1080320K, used 1079968K [0x0000000080000000, 0x00000000c1f00000, 0x00000000d5580000)
  object space 1080320K, 99% used [0x0000000080000000,0x00000000c1ea8218,0x00000000c1f00000)
 Metaspace       used 87116K, committed 88896K, reserved 1179648K
  class space    used 8841K, committed 9664K, reserved 1048576K
}
Event: 3489.763 GC heap after
{Heap after GC invocations=2274 (full 8):
 PSYoungGen      total 6656K, used 256K [0x00000000d5580000, 0x00000000d6580000, 0x0000000100000000)
  eden space 6144K, 0% used [0x00000000d5580000,0x00000000d5580000,0x00000000d5b80000)
  from space 512K, 50% used [0x00000000d6500000,0x00000000d6540000,0x00000000d6580000)
  to   space 512K, 0% used [0x00000000d6480000,0x00000000d6480000,0x00000000d6500000)
 ParOldGen       total 1080320K, used 1080107K [0x0000000080000000, 0x00000000c1f00000, 0x00000000d5580000)
  object space 1080320K, 99% used [0x0000000080000000,0x00000000c1ecaef0,0x00000000c1f00000)
 Metaspace       used 87116K, committed 88896K, reserved 1179648K
  class space    used 8841K, committed 9664K, reserved 1048576K
}

