# JRE version: OpenJDK Runtime Environment Temurin-21.0.8+9 (21.0.8+9) (build 21.0.8+9-LTS)
# Java VM: OpenJDK 64-Bit Server VM Temurin-21.0.8+9 (21.0.8+9-LTS, mixed mode, sharing, tiered, compressed oops, compressed class ptrs, parallel gc, windows-amd64)
GC Precious Log:
 CardTable entry size: 512
 CPUs: 12 total, 12 available
 Memory: 16163M
 Large Page Support: Disabled
 NUMA Support: Disabled
 Compressed Oops: Enabled (32-bit)
 Alignments: Space 512K, Generation 512K, Heap 2M
 Heap Min Capacity: 100M
 Heap Initial Capacity: 100M
 Heap Max Capacity: 2G
 Pre-touch: Disabled
 Parallel Workers: 10
Heap:
 PSYoungGen      total 5120K, used 2480K [0x00000000d5580000, 0x00000000d5b80000, 0x0000000100000000)
  eden space 4608K, 46% used [0x00000000d5580000,0x00000000d5794218,0x00000000d5a00000)
  from space 512K, 68% used [0x00000000d5a80000,0x00000000d5ad8000,0x00000000d5b00000)
  to   space 512K, 0% used [0x00000000d5b00000,0x00000000d5b00000,0x00000000d5b80000)
 ParOldGen       total 733696K, used 733511K [0x0000000080000000, 0x00000000acc80000, 0x00000000d5580000)
  object space 733696K, 99% used [0x0000000080000000,0x00000000acc51cf8,0x00000000acc80000)
 Metaspace       used 76243K, committed 77952K, reserved 1179648K
  class space    used 7688K, committed 8448K, reserved 1048576K
GC Heap History (20 events):
Event: 1140.522 GC heap before
{Heap before GC invocations=638 (full 4):
 PSYoungGen      total 6144K, used 5792K [0x00000000d5580000, 0x00000000d5c80000, 0x0000000100000000)
  eden space 5120K, 100% used [0x00000000d5580000,0x00000000d5a80000,0x00000000d5a80000)
  from space 1024K, 65% used [0x00000000d5a80000,0x00000000d5b28000,0x00000000d5b80000)
  to   space 1024K, 0% used [0x00000000d5b80000,0x00000000d5b80000,0x00000000d5c80000)
 ParOldGen       total 729088K, used 728956K [0x0000000080000000, 0x00000000ac800000, 0x00000000d5580000)
  object space 729088K, 99% used [0x0000000080000000,0x00000000ac7df380,0x00000000ac800000)
 Metaspace       used 76145K, committed 77824K, reserved 1179648K
  class space    used 7686K, committed 8448K, reserved 1048576K
}
Event: 1140.525 GC heap after
{Heap after GC invocations=638 (full 4):
 PSYoungGen      total 6144K, used 416K [0x00000000d5580000, 0x00000000d5c80000, 0x0000000100000000)
  eden space 5120K, 0% used [0x00000000d5580000,0x00000000d5580000,0x00000000d5a80000)
  from space 1024K, 40% used [0x00000000d5b80000,0x00000000d5be8000,0x00000000d5c80000)
  to   space 1024K, 0% used [0x00000000d5a80000,0x00000000d5a80000,0x00000000d5b80000)
 ParOldGen       total 729600K, used 729532K [0x0000000080000000, 0x00000000ac880000, 0x00000000d5580000)
  object space 729600K, 99% used [0x0000000080000000,0x00000000ac86f3c0,0x00000000ac880000)
 Metaspace       used 76145K, committed 77824K, reserved 1179648K
  class space    used 7686K, committed 8448K, reserved 1048576K
}
Event: 1140.618 GC heap before
{Heap before GC invocations=639 (full 4):
 PSYoungGen      total 6144K, used 5536K [0x00000000d5580000, 0x00000000d5c80000, 0x0000000100000000)
  eden space 5120K, 100% used [0x00000000d5580000,0x00000000d5a80000,0x00000000d5a80000)
  from space 1024K, 40% used [0x00000000d5b80000,0x00000000d5be8000,0x00000000d5c80000)
  to   space 1024K, 0% used [0x00000000d5a80000,0x00000000d5a80000,0x00000000d5b80000)
 ParOldGen       total 729600K, used 729532K [0x0000000080000000, 0x00000000ac880000, 0x00000000d5580000)
  object space 729600K, 99% used [0x0000000080000000,0x00000000ac86f3c0,0x00000000ac880000)
 Metaspace       used 76153K, committed 77824K, reserved 1179648K
  class space    used 7686K, committed 8448K, reserved 1048576K
}
Event: 1140.620 GC heap after
{Heap after GC invocations=639 (full 4):
 PSYoungGen      total 6144K, used 932K [0x00000000d5580000, 0x00000000d5c80000, 0x0000000100000000)
  eden space 5120K, 0% used [0x00000000d5580000,0x00000000d5580000,0x00000000d5a80000)
  from space 1024K, 91% used [0x00000000d5a80000,0x00000000d5b69210,0x00000000d5b80000)
  to   space 1024K, 0% used [0x00000000d5b80000,0x00000000d5b80000,0x00000000d5c80000)
 ParOldGen       total 730112K, used 729885K [0x0000000080000000, 0x00000000ac900000, 0x00000000d5580000)
  object space 730112K, 99% used [0x0000000080000000,0x00000000ac8c7400,0x00000000ac900000)
 Metaspace       used 76153K, committed 77824K, reserved 1179648K
  class space    used 7686K, committed 8448K, reserved 1048576K
}
Event: 1140.643 GC heap before
{Heap before GC invocations=640 (full 4):
 PSYoungGen      total 6144K, used 6052K [0x00000000d5580000, 0x00000000d5c80000, 0x0000000100000000)
  eden space 5120K, 100% used [0x00000000d5580000,0x00000000d5a80000,0x00000000d5a80000)
  from space 1024K, 91% used [0x00000000d5a80000,0x00000000d5b69210,0x00000000d5b80000)
  to   space 1024K, 0% used [0x00000000d5b80000,0x00000000d5b80000,0x00000000d5c80000)
 ParOldGen       total 730112K, used 729885K [0x0000000080000000, 0x00000000ac900000, 0x00000000d5580000)
  object space 730112K, 99% used [0x0000000080000000,0x00000000ac8c7400,0x00000000ac900000)
 Metaspace       used 76163K, committed 77824K, reserved 1179648K
  class space    used 7688K, committed 8448K, reserved 1048576K
}
Event: 1140.645 GC heap after
{Heap after GC invocations=640 (full 4):
 PSYoungGen      total 6144K, used 704K [0x00000000d5580000, 0x00000000d5c80000, 0x0000000100000000)
  eden space 5120K, 0% used [0x00000000d5580000,0x00000000d5580000,0x00000000d5a80000)
  from space 1024K, 68% used [0x00000000d5b80000,0x00000000d5c30000,0x00000000d5c80000)
  to   space 1024K, 0% used [0x00000000d5a80000,0x00000000d5a80000,0x00000000d5b80000)
 ParOldGen       total 731136K, used 730648K [0x0000000080000000, 0x00000000aca00000, 0x00000000d5580000)
  object space 731136K, 99% used [0x0000000080000000,0x00000000ac986200,0x00000000aca00000)
 Metaspace       used 76163K, committed 77824K, reserved 1179648K
  class space    used 7688K, committed 8448K, reserved 1048576K
}
Event: 1140.663 GC heap before
{Heap before GC invocations=641 (full 4):
 PSYoungGen      total 6144K, used 5824K [0x00000000d5580000, 0x00000000d5c80000, 0x0000000100000000)
  eden space 5120K, 100% used [0x00000000d5580000,0x00000000d5a80000,0x00000000d5a80000)
  from space 1024K, 68% used [0x00000000d5b80000,0x00000000d5c30000,0x00000000d5c80000)
  to   space 1024K, 0% used [0x00000000d5a80000,0x00000000d5a80000,0x00000000d5b80000)
 ParOldGen       total 731136K, used 730648K [0x0000000080000000, 0x00000000aca00000, 0x00000000d5580000)
  object space 731136K, 99% used [0x0000000080000000,0x00000000ac986200,0x00000000aca00000)
 Metaspace       used 76163K, committed 77824K, reserved 1179648K
  class space    used 7688K, committed 8448K, reserved 1048576K
}
Event: 1140.665 GC heap after
{Heap after GC invocations=641 (full 4):
 PSYoungGen      total 6144K, used 480K [0x00000000d5580000, 0x00000000d5c80000, 0x0000000100000000)
  eden space 5120K, 0% used [0x00000000d5580000,0x00000000d5580000,0x00000000d5a80000)
  from space 1024K, 46% used [0x00000000d5a80000,0x00000000d5af8000,0x00000000d5b80000)
  to   space 1024K, 0% used [0x00000000d5b80000,0x00000000d5b80000,0x00000000d5c80000)
 ParOldGen       total 731648K, used 731204K [0x0000000080000000, 0x00000000aca80000, 0x00000000d5580000)
  object space 731648K, 99% used [0x0000000080000000,0x00000000aca11230,0x00000000aca80000)
 Metaspace       used 76163K, committed 77824K, reserved 1179648K
  class space    used 7688K, committed 8448K, reserved 1048576K
}
Event: 1140.691 GC heap before
{Heap before GC invocations=642 (full 4):
 PSYoungGen      total 6144K, used 5600K [0x00000000d5580000, 0x00000000d5c80000, 0x0000000100000000)
  eden space 5120K, 100% used [0x00000000d5580000,0x00000000d5a80000,0x00000000d5a80000)
  from space 1024K, 46% used [0x00000000d5a80000,0x00000000d5af8000,0x00000000d5b80000)
  to   space 1024K, 0% used [0x00000000d5b80000,0x00000000d5b80000,0x00000000d5c80000)
 ParOldGen       total 731648K, used 731204K [0x0000000080000000, 0x00000000aca80000, 0x00000000d5580000)
  object space 731648K, 99% used [0x0000000080000000,0x00000000aca11230,0x00000000aca80000)
 Metaspace       used 76171K, committed 77824K, reserved 1179648K
  class space    used 7688K, committed 8448K, reserved 1048576K
}
Event: 1140.694 GC heap after
{Heap after GC invocations=642 (full 4):
 PSYoungGen      total 5632K, used 986K [0x00000000d5580000, 0x00000000d5d80000, 0x0000000100000000)
  eden space 4608K, 0% used [0x00000000d5580000,0x00000000d5580000,0x00000000d5a00000)
  from space 1024K, 96% used [0x00000000d5b80000,0x00000000d5c76900,0x00000000d5c80000)
  to   space 1536K, 0% used [0x00000000d5a00000,0x00000000d5a00000,0x00000000d5b80000)
 ParOldGen       total 731648K, used 731564K [0x0000000080000000, 0x00000000aca80000, 0x00000000d5580000)
  object space 731648K, 99% used [0x0000000080000000,0x00000000aca6b270,0x00000000aca80000)
 Metaspace       used 76171K, committed 77824K, reserved 1179648K
  class space    used 7688K, committed 8448K, reserved 1048576K
}
Event: 1140.713 GC heap before
{Heap before GC invocations=643 (full 4):
 PSYoungGen      total 5632K, used 5594K [0x00000000d5580000, 0x00000000d5d80000, 0x0000000100000000)
  eden space 4608K, 100% used [0x00000000d5580000,0x00000000d5a00000,0x00000000d5a00000)
  from space 1024K, 96% used [0x00000000d5b80000,0x00000000d5c76900,0x00000000d5c80000)
  to   space 1536K, 0% used [0x00000000d5a00000,0x00000000d5a00000,0x00000000d5b80000)
 ParOldGen       total 731648K, used 731564K [0x0000000080000000, 0x00000000aca80000, 0x00000000d5580000)
  object space 731648K, 99% used [0x0000000080000000,0x00000000aca6b270,0x00000000aca80000)
 Metaspace       used 76173K, committed 77824K, reserved 1179648K
  class space    used 7688K, committed 8448K, reserved 1048576K
}
Event: 1140.716 GC heap after
{Heap after GC invocations=643 (full 4):
 PSYoungGen      total 5632K, used 608K [0x00000000d5580000, 0x00000000d5c00000, 0x0000000100000000)
  eden space 4608K, 0% used [0x00000000d5580000,0x00000000d5580000,0x00000000d5a00000)
  from space 1024K, 59% used [0x00000000d5a00000,0x00000000d5a98000,0x00000000d5b00000)
  to   space 1024K, 0% used [0x00000000d5b00000,0x00000000d5b00000,0x00000000d5c00000)
 ParOldGen       total 732672K, used 732369K [0x0000000080000000, 0x00000000acb80000, 0x00000000d5580000)
  object space 732672K, 99% used [0x0000000080000000,0x00000000acb34518,0x00000000acb80000)
 Metaspace       used 76173K, committed 77824K, reserved 1179648K
  class space    used 7688K, committed 8448K, reserved 1048576K
}
Event: 1140.737 GC heap before
{Heap before GC invocations=644 (full 4):
 PSYoungGen      total 5632K, used 5216K [0x00000000d5580000, 0x00000000d5c00000, 0x0000000100000000)
  eden space 4608K, 100% used [0x00000000d5580000,0x00000000d5a00000,0x00000000d5a00000)
  from space 1024K, 59% used [0x00000000d5a00000,0x00000000d5a98000,0x00000000d5b00000)
  to   space 1024K, 0% used [0x00000000d5b00000,0x00000000d5b00000,0x00000000d5c00000)
 ParOldGen       total 732672K, used 732369K [0x0000000080000000, 0x00000000acb80000, 0x00000000d5580000)
  object space 732672K, 99% used [0x0000000080000000,0x00000000acb34518,0x00000000acb80000)
 Metaspace       used 76176K, committed 77824K, reserved 1179648K
  class space    used 7688K, committed 8448K, reserved 1048576K
}
Event: 1140.739 GC heap after
{Heap after GC invocations=644 (full 4):
 PSYoungGen      total 5632K, used 512K [0x00000000d5580000, 0x00000000d5c00000, 0x0000000100000000)
  eden space 4608K, 0% used [0x00000000d5580000,0x00000000d5580000,0x00000000d5a00000)
  from space 1024K, 50% used [0x00000000d5b00000,0x00000000d5b80000,0x00000000d5c00000)
  to   space 1024K, 0% used [0x00000000d5a00000,0x00000000d5a00000,0x00000000d5b00000)
 ParOldGen       total 733184K, used 732817K [0x0000000080000000, 0x00000000acc00000, 0x00000000d5580000)
  object space 733184K, 99% used [0x0000000080000000,0x00000000acba4538,0x00000000acc00000)
 Metaspace       used 76176K, committed 77824K, reserved 1179648K
  class space    used 7688K, committed 8448K, reserved 1048576K
}
Event: 1166.930 GC heap before
{Heap before GC invocations=645 (full 4):
 PSYoungGen      total 5632K, used 5120K [0x00000000d5580000, 0x00000000d5c00000, 0x0000000100000000)
  eden space 4608K, 100% used [0x00000000d5580000,0x00000000d5a00000,0x00000000d5a00000)
  from space 1024K, 50% used [0x00000000d5b00000,0x00000000d5b80000,0x00000000d5c00000)
  to   space 1024K, 0% used [0x00000000d5a00000,0x00000000d5a00000,0x00000000d5b00000)
 ParOldGen       total 733184K, used 732817K [0x0000000080000000, 0x00000000acc00000, 0x00000000d5580000)
  object space 733184K, 99% used [0x0000000080000000,0x00000000acba4538,0x00000000acc00000)
 Metaspace       used 76210K, committed 77888K, reserved 1179648K
  class space    used 7688K, committed 8448K, reserved 1048576K
}
Event: 1166.932 GC heap after
{Heap after GC invocations=645 (full 4):
 PSYoungGen      total 5632K, used 544K [0x00000000d5580000, 0x00000000d5c00000, 0x0000000100000000)
  eden space 4608K, 0% used [0x00000000d5580000,0x00000000d5580000,0x00000000d5a00000)
  from space 1024K, 53% used [0x00000000d5a00000,0x00000000d5a88000,0x00000000d5b00000)
  to   space 1024K, 0% used [0x00000000d5b00000,0x00000000d5b00000,0x00000000d5c00000)
 ParOldGen       total 733184K, used 733145K [0x0000000080000000, 0x00000000acc00000, 0x00000000d5580000)
  object space 733184K, 99% used [0x0000000080000000,0x00000000acbf6578,0x00000000acc00000)
 Metaspace       used 76210K, committed 77888K, reserved 1179648K
  class space    used 7688K, committed 8448K, reserved 1048576K
}
Event: 1170.068 GC heap before
{Heap before GC invocations=646 (full 4):
 PSYoungGen      total 5632K, used 5152K [0x00000000d5580000, 0x00000000d5c00000, 0x0000000100000000)
  eden space 4608K, 100% used [0x00000000d5580000,0x00000000d5a00000,0x00000000d5a00000)
  from space 1024K, 53% used [0x00000000d5a00000,0x00000000d5a88000,0x00000000d5b00000)
  to   space 1024K, 0% used [0x00000000d5b00000,0x00000000d5b00000,0x00000000d5c00000)
 ParOldGen       total 733184K, used 733145K [0x0000000080000000, 0x00000000acc00000, 0x00000000d5580000)
  object space 733184K, 99% used [0x0000000080000000,0x00000000acbf6578,0x00000000acc00000)
 Metaspace       used 76230K, committed 77952K, reserved 1179648K
  class space    used 7688K, committed 8448K, reserved 1048576K
}
Event: 1170.070 GC heap after
{Heap after GC invocations=646 (full 4):
 PSYoungGen      total 5120K, used 320K [0x00000000d5580000, 0x00000000d5b80000, 0x0000000100000000)
  eden space 4608K, 0% used [0x00000000d5580000,0x00000000d5580000,0x00000000d5a00000)
  from space 512K, 62% used [0x00000000d5b00000,0x00000000d5b50000,0x00000000d5b80000)
  to   space 512K, 0% used [0x00000000d5a80000,0x00000000d5a80000,0x00000000d5b00000)
 ParOldGen       total 733696K, used 733383K [0x0000000080000000, 0x00000000acc80000, 0x00000000d5580000)
  object space 733696K, 99% used [0x0000000080000000,0x00000000acc31cf8,0x00000000acc80000)
 Metaspace       used 76230K, committed 77952K, reserved 1179648K
  class space    used 7688K, committed 8448K, reserved 1048576K
}
Event: 1170.138 GC heap before
{Heap before GC invocations=647 (full 4):
 PSYoungGen      total 5120K, used 4928K [0x00000000d5580000, 0x00000000d5b80000, 0x0000000100000000)
  eden space 4608K, 100% used [0x00000000d5580000,0x00000000d5a00000,0x00000000d5a00000)
  from space 512K, 62% used [0x00000000d5b00000,0x00000000d5b50000,0x00000000d5b80000)
  to   space 512K, 0% used [0x00000000d5a80000,0x00000000d5a80000,0x00000000d5b00000)
 ParOldGen       total 733696K, used 733383K [0x0000000080000000, 0x00000000acc80000, 0x00000000d5580000)
  object space 733696K, 99% used [0x0000000080000000,0x00000000acc31cf8,0x00000000acc80000)
 Metaspace       used 76235K, committed 77952K, reserved 1179648K
  class space    used 7688K, committed 8448K, reserved 1048576K
}
Event: 1170.140 GC heap after
{Heap after GC invocations=647 (full 4):
 PSYoungGen      total 5120K, used 352K [0x00000000d5580000, 0x00000000d5b80000, 0x0000000100000000)
  eden space 4608K, 0% used [0x00000000d5580000,0x00000000d5580000,0x00000000d5a00000)
  from space 512K, 68% used [0x00000000d5a80000,0x00000000d5ad8000,0x00000000d5b00000)
  to   space 512K, 0% used [0x00000000d5b00000,0x00000000d5b00000,0x00000000d5b80000)
 ParOldGen       total 733696K, used 733511K [0x0000000080000000, 0x00000000acc80000, 0x00000000d5580000)
  object space 733696K, 99% used [0x0000000080000000,0x00000000acc51cf8,0x00000000acc80000)
 Metaspace       used 76235K, committed 77952K, reserved 1179648K
  class space    used 7688K, committed 8448K, reserved 1048576K
}

