# JRE version: Java(TM) SE Runtime Environment (17.0.6+9) (build 17.0.6+9-LTS-190)
# Java VM: Java HotSpot(TM) 64-Bit Server VM (17.0.6+9-LTS-190, mixed mode, emulated-client, sharing, tiered, compressed oops, compressed class ptrs, g1 gc, windows-amd64)
GC Precious Log:
 CPUs: 12 total, 12 available
 Memory: 16163M
 Large Page Support: Disabled
 NUMA Support: Disabled
 Compressed Oops: Enabled (Zero based)
 Heap Region Size: 2M
 Heap Min Capacity: 8M
 Heap Initial Capacity: 254M
 Heap Max Capacity: 4042M
 Pre-touch: Disabled
 Parallel Workers: 10
 Concurrent Workers: 3
 Concurrent Refinement Workers: 10
 Periodic GC: Disabled
Heap:
 garbage-first heap   total 151552K, used 105076K [0x0000000703600000, 0x0000000800000000)
  region size 2048K, 31 young (63488K), 3 survivors (6144K)
 Metaspace       used 93204K, committed 93888K, reserved 1130496K
  class space    used 12361K, committed 12672K, reserved 1048576K
GC Heap History (20 events):
Event: 1751.428 GC heap before
{Heap before GC invocations=29 (full 0):
 garbage-first heap   total 155648K, used 123551K [0x0000000703600000, 0x0000000800000000)
  region size 2048K, 35 young (71680K), 2 survivors (4096K)
 Metaspace       used 88840K, committed 89792K, reserved 1130496K
  class space    used 11984K, committed 12416K, reserved 1048576K
}
Event: 1751.503 GC heap after
{Heap after GC invocations=30 (full 1):
 garbage-first heap   total 151552K, used 39706K [0x0000000703600000, 0x0000000800000000)
  region size 2048K, 0 young (0K), 0 survivors (0K)
 Metaspace       used 88019K, committed 89792K, reserved 1130496K
  class space    used 11864K, committed 12416K, reserved 1048576K
}
Event: 1752.271 GC heap before
{Heap before GC invocations=30 (full 1):
 garbage-first heap   total 151552K, used 125722K [0x0000000703600000, 0x0000000800000000)
  region size 2048K, 42 young (86016K), 0 survivors (0K)
 Metaspace       used 88637K, committed 89792K, reserved 1130496K
  class space    used 11935K, committed 12416K, reserved 1048576K
}
Event: 1752.275 GC heap after
{Heap after GC invocations=31 (full 1):
 garbage-first heap   total 151552K, used 45826K [0x0000000703600000, 0x0000000800000000)
  region size 2048K, 3 young (6144K), 3 survivors (6144K)
 Metaspace       used 88637K, committed 89792K, reserved 1130496K
  class space    used 11935K, committed 12416K, reserved 1048576K
}
Event: 1752.970 GC heap before
{Heap before GC invocations=31 (full 1):
 garbage-first heap   total 151552K, used 119554K [0x0000000703600000, 0x0000000800000000)
  region size 2048K, 39 young (79872K), 3 survivors (6144K)
 Metaspace       used 89528K, committed 90304K, reserved 1130496K
  class space    used 12028K, committed 12416K, reserved 1048576K
}
Event: 1752.975 GC heap after
{Heap after GC invocations=32 (full 1):
 garbage-first heap   total 151552K, used 51444K [0x0000000703600000, 0x0000000800000000)
  region size 2048K, 3 young (6144K), 3 survivors (6144K)
 Metaspace       used 89528K, committed 90304K, reserved 1130496K
  class space    used 12028K, committed 12416K, reserved 1048576K
}
Event: 1767.225 GC heap before
{Heap before GC invocations=32 (full 1):
 garbage-first heap   total 151552K, used 94452K [0x0000000703600000, 0x0000000800000000)
  region size 2048K, 25 young (51200K), 3 survivors (6144K)
 Metaspace       used 89958K, committed 90688K, reserved 1130496K
  class space    used 12070K, committed 12416K, reserved 1048576K
}
Event: 1767.301 GC heap after
{Heap after GC invocations=33 (full 2):
 garbage-first heap   total 151552K, used 42133K [0x0000000703600000, 0x0000000800000000)
  region size 2048K, 0 young (0K), 0 survivors (0K)
 Metaspace       used 89744K, committed 90688K, reserved 1130496K
  class space    used 12022K, committed 12416K, reserved 1048576K
}
Event: 1767.948 GC heap before
{Heap before GC invocations=33 (full 2):
 garbage-first heap   total 151552K, used 117909K [0x0000000703600000, 0x0000000800000000)
  region size 2048K, 37 young (75776K), 0 survivors (0K)
 Metaspace       used 90291K, committed 91008K, reserved 1130496K
  class space    used 12082K, committed 12416K, reserved 1048576K
}
Event: 1767.952 GC heap after
{Heap after GC invocations=34 (full 2):
 garbage-first heap   total 151552K, used 47106K [0x0000000703600000, 0x0000000800000000)
  region size 2048K, 3 young (6144K), 3 survivors (6144K)
 Metaspace       used 90291K, committed 91008K, reserved 1130496K
  class space    used 12082K, committed 12416K, reserved 1048576K
}
Event: 1768.419 GC heap before
{Heap before GC invocations=34 (full 2):
 garbage-first heap   total 151552K, used 116738K [0x0000000703600000, 0x0000000800000000)
  region size 2048K, 37 young (75776K), 3 survivors (6144K)
 Metaspace       used 90857K, committed 91520K, reserved 1130496K
  class space    used 12146K, committed 12480K, reserved 1048576K
}
Event: 1768.423 GC heap after
{Heap after GC invocations=35 (full 2):
 garbage-first heap   total 151552K, used 50792K [0x0000000703600000, 0x0000000800000000)
  region size 2048K, 5 young (10240K), 5 survivors (10240K)
 Metaspace       used 90857K, committed 91520K, reserved 1130496K
  class space    used 12146K, committed 12480K, reserved 1048576K
}
Event: 1891.413 GC heap before
{Heap before GC invocations=35 (full 2):
 garbage-first heap   total 151552K, used 116328K [0x0000000703600000, 0x0000000800000000)
  region size 2048K, 37 young (75776K), 5 survivors (10240K)
 Metaspace       used 91490K, committed 92160K, reserved 1130496K
  class space    used 12191K, committed 12544K, reserved 1048576K
}
Event: 1891.418 GC heap after
{Heap after GC invocations=36 (full 2):
 garbage-first heap   total 151552K, used 52448K [0x0000000703600000, 0x0000000800000000)
  region size 2048K, 4 young (8192K), 4 survivors (8192K)
 Metaspace       used 91490K, committed 92160K, reserved 1130496K
  class space    used 12191K, committed 12544K, reserved 1048576K
}
Event: 1917.648 GC heap before
{Heap before GC invocations=36 (full 2):
 garbage-first heap   total 151552K, used 56544K [0x0000000703600000, 0x0000000800000000)
  region size 2048K, 7 young (14336K), 4 survivors (8192K)
 Metaspace       used 91493K, committed 92224K, reserved 1130496K
  class space    used 12191K, committed 12544K, reserved 1048576K
}
Event: 1917.726 GC heap after
{Heap after GC invocations=37 (full 3):
 garbage-first heap   total 151552K, used 38831K [0x0000000703600000, 0x0000000800000000)
  region size 2048K, 0 young (0K), 0 survivors (0K)
 Metaspace       used 91316K, committed 92224K, reserved 1130496K
  class space    used 12163K, committed 12544K, reserved 1048576K
}
Event: 1918.452 GC heap before
{Heap before GC invocations=37 (full 3):
 garbage-first heap   total 151552K, used 114607K [0x0000000703600000, 0x0000000800000000)
  region size 2048K, 37 young (75776K), 0 survivors (0K)
 Metaspace       used 91944K, committed 92672K, reserved 1130496K
  class space    used 12245K, committed 12608K, reserved 1048576K
}
Event: 1918.458 GC heap after
{Heap after GC invocations=38 (full 3):
 garbage-first heap   total 151552K, used 44975K [0x0000000703600000, 0x0000000800000000)
  region size 2048K, 3 young (6144K), 3 survivors (6144K)
 Metaspace       used 91944K, committed 92672K, reserved 1130496K
  class space    used 12245K, committed 12608K, reserved 1048576K
}
Event: 1918.983 GC heap before
{Heap before GC invocations=38 (full 3):
 garbage-first heap   total 151552K, used 116655K [0x0000000703600000, 0x0000000800000000)
  region size 2048K, 38 young (77824K), 3 survivors (6144K)
 Metaspace       used 92449K, committed 93120K, reserved 1130496K
  class space    used 12303K, committed 12608K, reserved 1048576K
}
Event: 1918.988 GC heap after
{Heap after GC invocations=39 (full 3):
 garbage-first heap   total 151552K, used 49780K [0x0000000703600000, 0x0000000800000000)
  region size 2048K, 3 young (6144K), 3 survivors (6144K)
 Metaspace       used 92449K, committed 93120K, reserved 1130496K
  class space    used 12303K, committed 12608K, reserved 1048576K
}

