# JRE version: OpenJDK Runtime Environment Temurin-21.0.8+9 (21.0.8+9) (build 21.0.8+9-LTS)
# Java VM: OpenJDK 64-Bit Server VM Temurin-21.0.8+9 (21.0.8+9-LTS, mixed mode, sharing, tiered, compressed oops, compressed class ptrs, parallel gc, windows-amd64)
GC Precious Log:
 CardTable entry size: 512
 CPUs: 12 total, 12 available
 Memory: 16163M
 Large Page Support: Disabled
 NUMA Support: Disabled
 Compressed Oops: Enabled (32-bit)
 Alignments: Space 512K, Generation 512K, Heap 2M
 Heap Min Capacity: 100M
 Heap Initial Capacity: 100M
 Heap Max Capacity: 2G
 Pre-touch: Disabled
 Parallel Workers: 10
Heap:
 PSYoungGen      total 13312K, used 12095K [0x00000000d5580000, 0x00000000d6480000, 0x0000000100000000)
  eden space 11264K, 92% used [0x00000000d5580000,0x00000000d5fb6a60,0x00000000d6080000)
  from space 2048K, 79% used [0x00000000d6280000,0x00000000d6419210,0x00000000d6480000)
  to   space 2048K, 0% used [0x00000000d6080000,0x00000000d6080000,0x00000000d6280000)
 ParOldGen       total 1055744K, used 1055575K [0x0000000080000000, 0x00000000c0700000, 0x00000000d5580000)
  object space 1055744K, 99% used [0x0000000080000000,0x00000000c06d5c90,0x00000000c0700000)
 Metaspace       used 72849K, committed 74432K, reserved 1179648K
  class space    used 7412K, committed 8128K, reserved 1048576K
GC Heap History (20 events):
Event: 1326.366 GC heap before
{Heap before GC invocations=466 (full 3):
 PSYoungGen      total 9728K, used 9221K [0x00000000d5580000, 0x00000000d6500000, 0x0000000100000000)
  eden space 5120K, 100% used [0x00000000d5580000,0x00000000d5a80000,0x00000000d5a80000)
  from space 4608K, 89% used [0x00000000d6080000,0x00000000d64816f0,0x00000000d6500000)
  to   space 4608K, 0% used [0x00000000d5c00000,0x00000000d5c00000,0x00000000d6080000)
 ParOldGen       total 995840K, used 995395K [0x0000000080000000, 0x00000000bcc80000, 0x00000000d5580000)
  object space 995840K, 99% used [0x0000000080000000,0x00000000bcc10e00,0x00000000bcc80000)
 Metaspace       used 70827K, committed 72448K, reserved 1114112K
  class space    used 7251K, committed 8000K, reserved 1048576K
}
Event: 1326.369 GC heap after
{Heap after GC invocations=466 (full 3):
 PSYoungGen      total 9728K, used 3234K [0x00000000d5580000, 0x00000000d6380000, 0x0000000100000000)
  eden space 6144K, 0% used [0x00000000d5580000,0x00000000d5580000,0x00000000d5b80000)
  from space 3584K, 90% used [0x00000000d5c00000,0x00000000d5f288c0,0x00000000d5f80000)
  to   space 4096K, 0% used [0x00000000d5f80000,0x00000000d5f80000,0x00000000d6380000)
 ParOldGen       total 999936K, used 999463K [0x0000000080000000, 0x00000000bd080000, 0x00000000d5580000)
  object space 999936K, 99% used [0x0000000080000000,0x00000000bd009cf0,0x00000000bd080000)
 Metaspace       used 70827K, committed 72448K, reserved 1114112K
  class space    used 7251K, committed 8000K, reserved 1048576K
}
Event: 1326.431 GC heap before
{Heap before GC invocations=467 (full 3):
 PSYoungGen      total 9728K, used 9378K [0x00000000d5580000, 0x00000000d6380000, 0x0000000100000000)
  eden space 6144K, 100% used [0x00000000d5580000,0x00000000d5b80000,0x00000000d5b80000)
  from space 3584K, 90% used [0x00000000d5c00000,0x00000000d5f288c0,0x00000000d5f80000)
  to   space 4096K, 0% used [0x00000000d5f80000,0x00000000d5f80000,0x00000000d6380000)
 ParOldGen       total 1031680K, used 1030183K [0x0000000080000000, 0x00000000bef80000, 0x00000000d5580000)
  object space 1031680K, 99% used [0x0000000080000000,0x00000000bee09d20,0x00000000bef80000)
 Metaspace       used 70846K, committed 72448K, reserved 1114112K
  class space    used 7251K, committed 8000K, reserved 1048576K
}
Event: 1326.436 GC heap after
{Heap after GC invocations=467 (full 3):
 PSYoungGen      total 10240K, used 3700K [0x00000000d5580000, 0x00000000d6500000, 0x0000000100000000)
  eden space 6144K, 0% used [0x00000000d5580000,0x00000000d5580000,0x00000000d5b80000)
  from space 4096K, 90% used [0x00000000d5f80000,0x00000000d631d000,0x00000000d6380000)
  to   space 4096K, 0% used [0x00000000d5b80000,0x00000000d5b80000,0x00000000d5f80000)
 ParOldGen       total 1034752K, used 1034275K [0x0000000080000000, 0x00000000bf280000, 0x00000000d5580000)
  object space 1034752K, 99% used [0x0000000080000000,0x00000000bf208d20,0x00000000bf280000)
 Metaspace       used 70846K, committed 72448K, reserved 1114112K
  class space    used 7251K, committed 8000K, reserved 1048576K
}
Event: 1326.446 GC heap before
{Heap before GC invocations=468 (full 3):
 PSYoungGen      total 10240K, used 9844K [0x00000000d5580000, 0x00000000d6500000, 0x0000000100000000)
  eden space 6144K, 100% used [0x00000000d5580000,0x00000000d5b80000,0x00000000d5b80000)
  from space 4096K, 90% used [0x00000000d5f80000,0x00000000d631d000,0x00000000d6380000)
  to   space 4096K, 0% used [0x00000000d5b80000,0x00000000d5b80000,0x00000000d5f80000)
 ParOldGen       total 1034752K, used 1034275K [0x0000000080000000, 0x00000000bf280000, 0x00000000d5580000)
  object space 1034752K, 99% used [0x0000000080000000,0x00000000bf208d20,0x00000000bf280000)
 Metaspace       used 70846K, committed 72448K, reserved 1114112K
  class space    used 7251K, committed 8000K, reserved 1048576K
}
Event: 1326.452 GC heap after
{Heap after GC invocations=468 (full 3):
 PSYoungGen      total 10240K, used 4084K [0x00000000d5580000, 0x00000000d7100000, 0x0000000100000000)
  eden space 6144K, 0% used [0x00000000d5580000,0x00000000d5580000,0x00000000d5b80000)
  from space 4096K, 99% used [0x00000000d5b80000,0x00000000d5f7d020,0x00000000d5f80000)
  to   space 10240K, 0% used [0x00000000d6700000,0x00000000d6700000,0x00000000d7100000)
 ParOldGen       total 1039360K, used 1039235K [0x0000000080000000, 0x00000000bf700000, 0x00000000d5580000)
  object space 1039360K, 99% used [0x0000000080000000,0x00000000bf6e0d30,0x00000000bf700000)
 Metaspace       used 70846K, committed 72448K, reserved 1114112K
  class space    used 7251K, committed 8000K, reserved 1048576K
}
Event: 1326.463 GC heap before
{Heap before GC invocations=469 (full 3):
 PSYoungGen      total 10240K, used 10228K [0x00000000d5580000, 0x00000000d7100000, 0x0000000100000000)
  eden space 6144K, 100% used [0x00000000d5580000,0x00000000d5b80000,0x00000000d5b80000)
  from space 4096K, 99% used [0x00000000d5b80000,0x00000000d5f7d020,0x00000000d5f80000)
  to   space 10240K, 0% used [0x00000000d6700000,0x00000000d6700000,0x00000000d7100000)
 ParOldGen       total 1039360K, used 1039235K [0x0000000080000000, 0x00000000bf700000, 0x00000000d5580000)
  object space 1039360K, 99% used [0x0000000080000000,0x00000000bf6e0d30,0x00000000bf700000)
 Metaspace       used 70855K, committed 72448K, reserved 1114112K
  class space    used 7251K, committed 8000K, reserved 1048576K
}
Event: 1326.468 GC heap after
{Heap after GC invocations=469 (full 3):
 PSYoungGen      total 13312K, used 5556K [0x00000000d5580000, 0x00000000d6c80000, 0x0000000100000000)
  eden space 7680K, 0% used [0x00000000d5580000,0x00000000d5580000,0x00000000d5d00000)
  from space 5632K, 98% used [0x00000000d6700000,0x00000000d6c6d000,0x00000000d6c80000)
  to   space 7168K, 0% used [0x00000000d5e80000,0x00000000d5e80000,0x00000000d6580000)
 ParOldGen       total 1044480K, used 1044227K [0x0000000080000000, 0x00000000bfc00000, 0x00000000d5580000)
  object space 1044480K, 99% used [0x0000000080000000,0x00000000bfbc0d70,0x00000000bfc00000)
 Metaspace       used 70855K, committed 72448K, reserved 1114112K
  class space    used 7251K, committed 8000K, reserved 1048576K
}
Event: 1326.555 GC heap before
{Heap before GC invocations=470 (full 3):
 PSYoungGen      total 13312K, used 13236K [0x00000000d5580000, 0x00000000d6c80000, 0x0000000100000000)
  eden space 7680K, 100% used [0x00000000d5580000,0x00000000d5d00000,0x00000000d5d00000)
  from space 5632K, 98% used [0x00000000d6700000,0x00000000d6c6d000,0x00000000d6c80000)
  to   space 7168K, 0% used [0x00000000d5e80000,0x00000000d5e80000,0x00000000d6580000)
 ParOldGen       total 1044480K, used 1044227K [0x0000000080000000, 0x00000000bfc00000, 0x00000000d5580000)
  object space 1044480K, 99% used [0x0000000080000000,0x00000000bfbc0d70,0x00000000bfc00000)
 Metaspace       used 70856K, committed 72448K, reserved 1114112K
  class space    used 7251K, committed 8000K, reserved 1048576K
}
Event: 1326.561 GC heap after
{Heap after GC invocations=470 (full 3):
 PSYoungGen      total 12800K, used 3396K [0x00000000d5580000, 0x00000000d6780000, 0x0000000100000000)
  eden space 9216K, 0% used [0x00000000d5580000,0x00000000d5580000,0x00000000d5e80000)
  from space 3584K, 94% used [0x00000000d5e80000,0x00000000d61d1210,0x00000000d6200000)
  to   space 4608K, 0% used [0x00000000d6300000,0x00000000d6300000,0x00000000d6780000)
 ParOldGen       total 1050112K, used 1049619K [0x0000000080000000, 0x00000000c0180000, 0x00000000d5580000)
  object space 1050112K, 99% used [0x0000000080000000,0x00000000c0104d70,0x00000000c0180000)
 Metaspace       used 70856K, committed 72448K, reserved 1114112K
  class space    used 7251K, committed 8000K, reserved 1048576K
}
Event: 1326.580 GC heap before
{Heap before GC invocations=471 (full 3):
 PSYoungGen      total 12800K, used 12612K [0x00000000d5580000, 0x00000000d6780000, 0x0000000100000000)
  eden space 9216K, 100% used [0x00000000d5580000,0x00000000d5e80000,0x00000000d5e80000)
  from space 3584K, 94% used [0x00000000d5e80000,0x00000000d61d1210,0x00000000d6200000)
  to   space 4608K, 0% used [0x00000000d6300000,0x00000000d6300000,0x00000000d6780000)
 ParOldGen       total 1050112K, used 1049619K [0x0000000080000000, 0x00000000c0180000, 0x00000000d5580000)
  object space 1050112K, 99% used [0x0000000080000000,0x00000000c0104d70,0x00000000c0180000)
 Metaspace       used 70858K, committed 72448K, reserved 1114112K
  class space    used 7251K, committed 8000K, reserved 1048576K
}
Event: 1326.584 GC heap after
{Heap after GC invocations=471 (full 3):
 PSYoungGen      total 12800K, used 762K [0x00000000d5580000, 0x00000000d6480000, 0x0000000100000000)
  eden space 11264K, 0% used [0x00000000d5580000,0x00000000d5580000,0x00000000d6080000)
  from space 1536K, 49% used [0x00000000d6300000,0x00000000d63be900,0x00000000d6480000)
  to   space 2048K, 0% used [0x00000000d6080000,0x00000000d6080000,0x00000000d6280000)
 ParOldGen       total 1052672K, used 1052534K [0x0000000080000000, 0x00000000c0400000, 0x00000000d5580000)
  object space 1052672K, 99% used [0x0000000080000000,0x00000000c03dda80,0x00000000c0400000)
 Metaspace       used 70858K, committed 72448K, reserved 1114112K
  class space    used 7251K, committed 8000K, reserved 1048576K
}
Event: 1363.118 GC heap before
{Heap before GC invocations=472 (full 3):
 PSYoungGen      total 12800K, used 12026K [0x00000000d5580000, 0x00000000d6480000, 0x0000000100000000)
  eden space 11264K, 100% used [0x00000000d5580000,0x00000000d6080000,0x00000000d6080000)
  from space 1536K, 49% used [0x00000000d6300000,0x00000000d63be900,0x00000000d6480000)
  to   space 2048K, 0% used [0x00000000d6080000,0x00000000d6080000,0x00000000d6280000)
 ParOldGen       total 1052672K, used 1052534K [0x0000000080000000, 0x00000000c0400000, 0x00000000d5580000)
  object space 1052672K, 99% used [0x0000000080000000,0x00000000c03dda80,0x00000000c0400000)
 Metaspace       used 71476K, committed 73088K, reserved 1114112K
  class space    used 7308K, committed 8064K, reserved 1048576K
}
Event: 1363.120 GC heap after
{Heap after GC invocations=472 (full 3):
 PSYoungGen      total 13312K, used 575K [0x00000000d5580000, 0x00000000d6380000, 0x0000000100000000)
  eden space 11264K, 0% used [0x00000000d5580000,0x00000000d5580000,0x00000000d6080000)
  from space 2048K, 28% used [0x00000000d6080000,0x00000000d610fc30,0x00000000d6280000)
  to   space 1024K, 0% used [0x00000000d6280000,0x00000000d6280000,0x00000000d6380000)
 ParOldGen       total 1052672K, used 1052542K [0x0000000080000000, 0x00000000c0400000, 0x00000000d5580000)
  object space 1052672K, 99% used [0x0000000080000000,0x00000000c03dfa80,0x00000000c0400000)
 Metaspace       used 71476K, committed 73088K, reserved 1114112K
  class space    used 7308K, committed 8064K, reserved 1048576K
}
Event: 1363.227 GC heap before
{Heap before GC invocations=473 (full 3):
 PSYoungGen      total 13312K, used 11839K [0x00000000d5580000, 0x00000000d6380000, 0x0000000100000000)
  eden space 11264K, 100% used [0x00000000d5580000,0x00000000d6080000,0x00000000d6080000)
  from space 2048K, 28% used [0x00000000d6080000,0x00000000d610fc30,0x00000000d6280000)
  to   space 1024K, 0% used [0x00000000d6280000,0x00000000d6280000,0x00000000d6380000)
 ParOldGen       total 1052672K, used 1052542K [0x0000000080000000, 0x00000000c0400000, 0x00000000d5580000)
  object space 1052672K, 99% used [0x0000000080000000,0x00000000c03dfa80,0x00000000c0400000)
 Metaspace       used 71897K, committed 73472K, reserved 1114112K
  class space    used 7337K, committed 8064K, reserved 1048576K
}
Event: 1363.231 GC heap after
{Heap after GC invocations=473 (full 3):
 PSYoungGen      total 12288K, used 992K [0x00000000d5580000, 0x00000000d6480000, 0x0000000100000000)
  eden space 11264K, 0% used [0x00000000d5580000,0x00000000d5580000,0x00000000d6080000)
  from space 1024K, 96% used [0x00000000d6280000,0x00000000d6378020,0x00000000d6380000)
  to   space 2048K, 0% used [0x00000000d6080000,0x00000000d6080000,0x00000000d6280000)
 ParOldGen       total 1053696K, used 1053211K [0x0000000080000000, 0x00000000c0500000, 0x00000000d5580000)
  object space 1053696K, 99% used [0x0000000080000000,0x00000000c0486f28,0x00000000c0500000)
 Metaspace       used 71897K, committed 73472K, reserved 1114112K
  class space    used 7337K, committed 8064K, reserved 1048576K
}
Event: 1363.438 GC heap before
{Heap before GC invocations=474 (full 3):
 PSYoungGen      total 12288K, used 12256K [0x00000000d5580000, 0x00000000d6480000, 0x0000000100000000)
  eden space 11264K, 100% used [0x00000000d5580000,0x00000000d6080000,0x00000000d6080000)
  from space 1024K, 96% used [0x00000000d6280000,0x00000000d6378020,0x00000000d6380000)
  to   space 2048K, 0% used [0x00000000d6080000,0x00000000d6080000,0x00000000d6280000)
 ParOldGen       total 1053696K, used 1053211K [0x0000000080000000, 0x00000000c0500000, 0x00000000d5580000)
  object space 1053696K, 99% used [0x0000000080000000,0x00000000c0486f28,0x00000000c0500000)
 Metaspace       used 72421K, committed 73984K, reserved 1179648K
  class space    used 7378K, committed 8128K, reserved 1048576K
}
Event: 1363.443 GC heap after
{Heap after GC invocations=474 (full 3):
 PSYoungGen      total 13312K, used 1477K [0x00000000d5580000, 0x00000000d6480000, 0x0000000100000000)
  eden space 11264K, 0% used [0x00000000d5580000,0x00000000d5580000,0x00000000d6080000)
  from space 2048K, 72% used [0x00000000d6080000,0x00000000d61f1588,0x00000000d6280000)
  to   space 2048K, 0% used [0x00000000d6280000,0x00000000d6280000,0x00000000d6480000)
 ParOldGen       total 1054720K, used 1054223K [0x0000000080000000, 0x00000000c0600000, 0x00000000d5580000)
  object space 1054720K, 99% used [0x0000000080000000,0x00000000c0583f98,0x00000000c0600000)
 Metaspace       used 72421K, committed 73984K, reserved 1179648K
  class space    used 7378K, committed 8128K, reserved 1048576K
}
Event: 1363.473 GC heap before
{Heap before GC invocations=475 (full 3):
 PSYoungGen      total 13312K, used 12741K [0x00000000d5580000, 0x00000000d6480000, 0x0000000100000000)
  eden space 11264K, 100% used [0x00000000d5580000,0x00000000d6080000,0x00000000d6080000)
  from space 2048K, 72% used [0x00000000d6080000,0x00000000d61f1588,0x00000000d6280000)
  to   space 2048K, 0% used [0x00000000d6280000,0x00000000d6280000,0x00000000d6480000)
 ParOldGen       total 1054720K, used 1054223K [0x0000000080000000, 0x00000000c0600000, 0x00000000d5580000)
  object space 1054720K, 99% used [0x0000000080000000,0x00000000c0583f98,0x00000000c0600000)
 Metaspace       used 72453K, committed 74048K, reserved 1179648K
  class space    used 7378K, committed 8128K, reserved 1048576K
}
Event: 1363.477 GC heap after
{Heap after GC invocations=475 (full 3):
 PSYoungGen      total 13312K, used 1636K [0x00000000d5580000, 0x00000000d6480000, 0x0000000100000000)
  eden space 11264K, 0% used [0x00000000d5580000,0x00000000d5580000,0x00000000d6080000)
  from space 2048K, 79% used [0x00000000d6280000,0x00000000d6419210,0x00000000d6480000)
  to   space 2048K, 0% used [0x00000000d6080000,0x00000000d6080000,0x00000000d6280000)
 ParOldGen       total 1055744K, used 1055575K [0x0000000080000000, 0x00000000c0700000, 0x00000000d5580000)
  object space 1055744K, 99% used [0x0000000080000000,0x00000000c06d5c90,0x00000000c0700000)
 Metaspace       used 72453K, committed 74048K, reserved 1179648K
  class space    used 7378K, committed 8128K, reserved 1048576K
}

